<?xml version="1.0" encoding="UTF-8" standalone="yes"?>
<testsuites time="0.56" tests="4" failures="0" errors="0">
    <testsuite name="GraphWalker" tests="4" failures="0" errors="0" time="0.56" timestamp="2020-11-01T19:11:37">
        <properties>
            <property name="classworlds.conf" value="C:\Tools\apache-maven-3.6.3\bin\..\bin\m2.conf"/>
            <property name="env.=::" value="::\"/>
            <property name="env.=C:" value="C:\Tools\Vezbi\SimpleGraph"/>
            <property name="env.=EXITCODE" value="00000000"/>
            <property name="env.AGSDESKTOPJAVA" value="C:\Program Files (x86)\ArcGIS\Desktop10.2\"/>
            <property name="env.ALLUSERSPROFILE" value="C:\ProgramData"/>
            <property name="env.ANDROID_HOME" value="C:\Program Files\Android\android-sdk"/>
            <property name="env.ANSICON" value="232x3000 (232x15)"/>
            <property name="env.ANSICON_DEF" value="7"/>
            <property name="env.APPDATA" value="C:\Users\EMA\AppData\Roaming"/>
            <property name="env.CLASSWORLDS_JAR" value="&quot;C:\Tools\apache-maven-3.6.3\bin\..\boot\plexus-classworlds-2.6.0.jar&quot;"/>
            <property name="env.CLASSWORLDS_LAUNCHER" value="org.codehaus.plexus.classworlds.launcher.Launcher"/>
            <property name="env.COMMONPROGRAMFILES" value="C:\Program Files\Common Files"/>
            <property name="env.COMMONPROGRAMFILES(X86)" value="C:\Program Files (x86)\Common Files"/>
            <property name="env.COMMONPROGRAMW6432" value="C:\Program Files\Common Files"/>
            <property name="env.COMPUTERNAME" value="EMA-PC"/>
            <property name="env.COMSPEC" value="C:\Windows\system32\cmd.exe"/>
            <property name="env.ERROR_CODE" value="0"/>
            <property name="env.ESET_OPTIONS" value="                                                                                                                                                                                                                                                                                                                                                                                                                                                                                                                               "/>
            <property name="env.EXEC_DIR" value="C:\Tools\Vezbi\SimpleGraph"/>
            <property name="env.FP_NO_HOST_CHECK" value="NO"/>
            <property name="env.HOMEDRIVE" value="C:"/>
            <property name="env.HOMEPATH" value="\Users\EMA"/>
            <property name="env.IDEA_INITIAL_DIRECTORY" value="C:\Tools\JetBrains\IntelliJ IDEA Community Edition 2020.2.1\jbr\bin"/>
            <property name="env.JAVACMD" value="C:\Tools\Java\jdk-14.0.2\bin\java.exe"/>
            <property name="env.JAVA_HOME" value="C:\Tools\Java\jdk-14.0.2"/>
            <property name="env.JDK_HOME" value="C:\Tools\Java\jdk-14.0.2"/>
            <property name="env.JVMCONFIG" value="\.mvn\jvm.config"/>
            <property name="env.LOCALAPPDATA" value="C:\Users\EMA\AppData\Local"/>
            <property name="env.LOGONSERVER" value="\\EMA-PC"/>
            <property name="env.MAVEN_CMD_LINE_ARGS" value="graphwalker:test"/>
            <property name="env.MAVEN_HOME" value="C:\Tools\apache-maven-3.6.3\bin\.."/>
            <property name="env.MAVEN_PROJECTBASEDIR" value="C:\Tools\Vezbi\SimpleGraph"/>
            <property name="env.NUMBER_OF_PROCESSORS" value="4"/>
            <property name="env.OS" value="Windows_NT"/>
            <property name="env.PATH" value="C:\Ruby\bin;C:\ProgramData\Oracle\Java\javapath;C:\Program Files (x86)\Intel\iCLS Client\;C:\Program Files\Intel\iCLS Client\;C:\Windows\system32;C:\Windows;C:\Windows\System32\Wbem;C:\Windows\System32\WindowsPowerShell\v1.0\;C:\Program Files\Intel\WiFi\bin\;C:\Program Files\Common Files\Intel\WirelessCommon\;C:\Program Files (x86)\Intel\OpenCL SDK\2.0\bin\x86;C:\Program Files (x86)\Intel\OpenCL SDK\2.0\bin\x64;C:\Program Files\Intel\Intel(R) Management Engine Components\DAL;C:\Program Files\Intel\Intel(R) Management Engine Components\IPT;C:\Program Files (x86)\Intel\Intel(R) Management Engine Components\DAL;C:\Program Files (x86)\Intel\Intel(R) Management Engine Components\IPT;C:\Program Files (x86)\Microsoft SQL Server\100\Tools\Binn\;C:\Program Files\Microsoft SQL Server\100\Tools\Binn\;C:\Program Files\Microsoft SQL Server\100\DTS\Binn\;C:\Program Files (x86)\Microsoft SQL Server\100\Tools\Binn\VSShell\Common7\IDE\;C:\Program Files (x86)\Microsoft Visual Studio 9.0\Common7\IDE\PrivateAssemblies\;C:\Program Files (x86)\Microsoft SQL Server\100\DTS\Binn\;C:\Windows\System32\WindowsPowerShell\v1.0\;C:\Program Files\Android\android-sdk\platform-tools;C:\Program Files\Android\android-sdk\tools;C:\Program Files\Java\jdk1.8.0_11;C:\Program Files\Java\jdk1.8.0_11\bin;C:\apache-maven-3.3.9-bin;C:\Program Files (x86)\nodejs\;C:\Tools\Java\jdk-14.0.2\bin;C:\Tools\apache-maven-3.6.3\bin;C:\WebDriver\bin;C:\Program Files (x86)\Git\cmd;C:\Program Files\Intel\WiFi\bin\;C:\Program Files\Common Files\Intel\WirelessCommon\;C:\Users\EMA\AppData\Roaming\npm"/>
            <property name="env.PATHEXT" value=".COM;.EXE;.BAT;.CMD;.VBS;.VBE;.JS;.JSE;.WSF;.WSH;.MSC;.RB;.RBW"/>
            <property name="env.PROCESSOR_ARCHITECTURE" value="AMD64"/>
            <property name="env.PROCESSOR_IDENTIFIER" value="Intel64 Family 6 Model 58 Stepping 9, GenuineIntel"/>
            <property name="env.PROCESSOR_LEVEL" value="6"/>
            <property name="env.PROCESSOR_REVISION" value="3a09"/>
            <property name="env.PROGRAMDATA" value="C:\ProgramData"/>
            <property name="env.PROGRAMFILES" value="C:\Program Files"/>
            <property name="env.PROGRAMFILES(X86)" value="C:\Program Files (x86)"/>
            <property name="env.PROGRAMW6432" value="C:\Program Files"/>
            <property name="env.PROMPT" value="$P$G"/>
            <property name="env.PSMODULEPATH" value="C:\Windows\system32\WindowsPowerShell\v1.0\Modules\;C:\Program Files (x86)\VMware\Infrastructure\vSphere PowerCLI\Modules"/>
            <property name="env.PUBLIC" value="C:\Users\Public"/>
            <property name="env.SESSIONNAME" value="Console"/>
            <property name="env.SYSTEMDRIVE" value="C:"/>
            <property name="env.SYSTEMROOT" value="C:\Windows"/>
            <property name="env.TEMP" value="C:\Users\EMA\AppData\Local\Temp"/>
            <property name="env.TERMINAL_EMULATOR" value="JetBrains-JediTerm"/>
            <property name="env.TMP" value="C:\Users\EMA\AppData\Local\Temp"/>
            <property name="env.USERDOMAIN" value="EMA-PC"/>
            <property name="env.USERNAME" value="EMA"/>
            <property name="env.USERPROFILE" value="C:\Users\EMA"/>
            <property name="env.VBOX_MSI_INSTALL_PATH" value="C:\Program Files\Oracle\VirtualBox\"/>
            <property name="env.WDIR" value="C:\"/>
            <property name="env.WINDIR" value="C:\Windows"/>
            <property name="env.WINDOWS_TRACING_FLAGS" value="3"/>
            <property name="env.WINDOWS_TRACING_LOGFILE" value="C:\BVTBin\Tests\installpackage\csilogfile.log"/>
            <property name="env.__INTELLIJ_COMMAND_HISTFILE__" value="C:\Users\EMA\AppData\Roaming\JetBrains\IdeaIC2020.2\terminal\history\history-7"/>
            <property name="file.encoding" value="Cp1252"/>
            <property name="file.separator" value="\"/>
            <property name="java.class.path" value="C:\Tools\apache-maven-3.6.3\bin\..\boot\plexus-classworlds-2.6.0.jar"/>
            <property name="java.class.version" value="58.0"/>
            <property name="java.home" value="C:\Tools\Java\jdk-14.0.2"/>
            <property name="java.io.tmpdir" value="C:\Users\EMA\AppData\Local\Temp\"/>
            <property name="java.library.path" value="C:\Tools\Java\jdk-14.0.2\bin;C:\Windows\Sun\Java\bin;C:\Windows\system32;C:\Windows;C:\Ruby\bin;C:\ProgramData\Oracle\Java\javapath;C:\Program Files (x86)\Intel\iCLS Client\;C:\Program Files\Intel\iCLS Client\;C:\Windows\system32;C:\Windows;C:\Windows\System32\Wbem;C:\Windows\System32\WindowsPowerShell\v1.0\;C:\Program Files\Intel\WiFi\bin\;C:\Program Files\Common Files\Intel\WirelessCommon\;C:\Program Files (x86)\Intel\OpenCL SDK\2.0\bin\x86;C:\Program Files (x86)\Intel\OpenCL SDK\2.0\bin\x64;C:\Program Files\Intel\Intel(R) Management Engine Components\DAL;C:\Program Files\Intel\Intel(R) Management Engine Components\IPT;C:\Program Files (x86)\Intel\Intel(R) Management Engine Components\DAL;C:\Program Files (x86)\Intel\Intel(R) Management Engine Components\IPT;C:\Program Files (x86)\Microsoft SQL Server\100\Tools\Binn\;C:\Program Files\Microsoft SQL Server\100\Tools\Binn\;C:\Program Files\Microsoft SQL Server\100\DTS\Binn\;C:\Program Files (x86)\Microsoft SQL Server\100\Tools\Binn\VSShell\Common7\IDE\;C:\Program Files (x86)\Microsoft Visual Studio 9.0\Common7\IDE\PrivateAssemblies\;C:\Program Files (x86)\Microsoft SQL Server\100\DTS\Binn\;C:\Windows\System32\WindowsPowerShell\v1.0\;C:\Program Files\Android\android-sdk\platform-tools;C:\Program Files\Android\android-sdk\tools;C:\Program Files\Java\jdk1.8.0_11;C:\Program Files\Java\jdk1.8.0_11\bin;C:\apache-maven-3.3.9-bin;C:\Program Files (x86)\nodejs\;C:\Tools\Java\jdk-14.0.2\bin;C:\Tools\apache-maven-3.6.3\bin;C:\WebDriver\bin;C:\Program Files (x86)\Git\cmd;C:\Program Files\Intel\WiFi\bin\;C:\Program Files\Common Files\Intel\WirelessCommon\;C:\Users\EMA\AppData\Roaming\npm;."/>
            <property name="java.runtime.name" value="Java(TM) SE Runtime Environment"/>
            <property name="java.runtime.version" value="14.0.2+12-46"/>
            <property name="java.specification.name" value="Java Platform API Specification"/>
            <property name="java.specification.vendor" value="Oracle Corporation"/>
            <property name="java.specification.version" value="14"/>
            <property name="java.vendor" value="Oracle Corporation"/>
            <property name="java.vendor.url" value="https://java.oracle.com/"/>
            <property name="java.vendor.url.bug" value="https://bugreport.java.com/bugreport/"/>
            <property name="java.version" value="14.0.2"/>
            <property name="java.version.date" value="2020-07-14"/>
            <property name="java.vm.compressedOopsMode" value="Zero based"/>
            <property name="java.vm.info" value="mixed mode, sharing"/>
            <property name="java.vm.name" value="Java HotSpot(TM) 64-Bit Server VM"/>
            <property name="java.vm.specification.name" value="Java Virtual Machine Specification"/>
            <property name="java.vm.specification.vendor" value="Oracle Corporation"/>
            <property name="java.vm.specification.version" value="14"/>
            <property name="java.vm.vendor" value="Oracle Corporation"/>
            <property name="java.vm.version" value="14.0.2+12-46"/>
            <property name="jdk.debug" value="release"/>
            <property name="library.jansi.path" value="C:\Tools\apache-maven-3.6.3\bin\..\lib\jansi-native"/>
            <property name="line.separator" value="&#13;&#10;"/>
            <property name="maven.build.version" value="Apache Maven 3.6.3 (cecedd343002696d0abb50b32b541b8a6ba2883f)"/>
            <property name="maven.conf" value="C:\Tools\apache-maven-3.6.3\bin\../conf"/>
            <property name="maven.home" value="C:\Tools\apache-maven-3.6.3\bin\.."/>
            <property name="maven.multiModuleProjectDirectory" value="C:\Tools\Vezbi\SimpleGraph"/>
            <property name="maven.version" value="3.6.3"/>
            <property name="os.arch" value="amd64"/>
            <property name="os.name" value="Windows 7"/>
            <property name="os.version" value="6.1"/>
            <property name="path.separator" value=";"/>
            <property name="sun.arch.data.model" value="64"/>
            <property name="sun.boot.library.path" value="C:\Tools\Java\jdk-14.0.2\bin"/>
            <property name="sun.cpu.endian" value="little"/>
            <property name="sun.cpu.isalist" value="amd64"/>
            <property name="sun.io.unicode.encoding" value="UnicodeLittle"/>
            <property name="sun.java.command" value="org.codehaus.plexus.classworlds.launcher.Launcher graphwalker:test"/>
            <property name="sun.java.launcher" value="SUN_STANDARD"/>
            <property name="sun.jnu.encoding" value="Cp1252"/>
            <property name="sun.management.compiler" value="HotSpot 64-Bit Tiered Compilers"/>
            <property name="sun.os.patch.level" value="Service Pack 1"/>
            <property name="sun.stderr.encoding" value="cp437"/>
            <property name="sun.stdout.encoding" value="cp437"/>
            <property name="user.country" value="US"/>
            <property name="user.dir" value="C:\Tools\Vezbi\SimpleGraph"/>
            <property name="user.home" value="C:\Users\EMA"/>
            <property name="user.language" value="en"/>
            <property name="user.name" value="EMA"/>
            <property name="user.script" value=""/>
            <property name="user.variant" value=""/>
        </properties>
        <testcase name="socialMediaTest" time="0.14" classname="com.it.socialMediaTest"/>
        <testcase name="firstSimple" time="0.14" classname="com.it.firstSimple"/>
        <testcase name="fiveStagesTest" time="0.14" classname="com.it.fiveStagesTest"/>
        <testcase name="hpButtonsTest" time="0.14" classname="com.it.hpButtonsTest"/>
    </testsuite>
</testsuites>
